Arguments: 
  /Applications/Hyper.app/Contents/MacOS/Hyper /Applications/Hyper.app/Contents/Resources/bin/yarn-standalone.js install --no-emoji --no-lockfile --cache-folder /Users/lawrencedlin/.hyper_plugins/cache

PATH: 
  undefined

Yarn version: 
  1.3.2

Node version: 
  10.2.0

Platform: 
  darwin x64

npm manifest: 
  {
    "name": "hyper-plugins",
    "description": "Auto-generated from `~/.hyper.js`!",
    "private": true,
    "version": "0.0.1",
    "repository": "zeit/hyper",
    "license": "MIT",
    "homepage": "https://hyper.is",
    "dependencies": {
      "hyper-blink": "latest",
      "hyper-spotify": "latest",
      "hyper-search": "latest"
    }
  }

yarn manifest: 
  No manifest

Lockfile: 
  No lockfile

Trace: 
  Error: https://registry.yarnpkg.com/hyper-blink: ETIMEDOUT
      at Timeout._onTimeout (/Applications/Hyper.app/Contents/Resources/bin/yarn-standalone.js:122417:19)
      at ontimeout (timers.js:427:11)
      at tryOnTimeout (timers.js:289:5)
      at listOnTimeout (timers.js:252:5)
      at Timer.processTimers (timers.js:212:10)
